<?xml version="1.0" encoding="UTF-8"?>
<!-- Generated by org.testng.reporters.JUnitXMLReporter -->
<testsuite ignored="0" hostname="LTIN515409" failures="0" tests="4" name="Default test" time="0.055" errors="0" timestamp="2025-07-18T14:07:06 IST">
  <testcase classname="baseTest.BaseTest" name="@BeforeTest setUpDriver" time="-1.752827826647E9">
    <failure type="org.testng.TestNGException" message="
Parameter &amp;apos;os&amp;apos; is required by BeforeTest on method setUpDriver but has not been marked @Optional or defined
in C:\Users\2407425\AppData\Local\Temp\testng-eclipse-348160016\testng-customsuite.xml">
      <![CDATA[org.testng.TestNGException: 
Parameter 'os' is required by BeforeTest on method setUpDriver but has not been marked @Optional or defined
in C:\Users\2407425\AppData\Local\Temp\testng-eclipse-348160016\testng-customsuite.xml
at org.testng.internal.Parameters.createParams(Parameters.java:267)
at org.testng.internal.Parameters.createParametersForMethod(Parameters.java:355)
at org.testng.internal.Parameters.createParameters(Parameters.java:693)
at org.testng.internal.Parameters.createConfigurationParameters(Parameters.java:166)
at org.testng.internal.invokers.ConfigInvoker.invokeConfigurations(ConfigInvoker.java:306)
at org.testng.TestRunner.invokeTestConfigurations(TestRunner.java:661)
at org.testng.TestRunner.beforeRun(TestRunner.java:650)
at org.testng.TestRunner.run(TestRunner.java:612)
at org.testng.SuiteRunner.runTest(SuiteRunner.java:443)
at org.testng.SuiteRunner.runSequentially(SuiteRunner.java:437)
at org.testng.SuiteRunner.privateRun(SuiteRunner.java:397)
at org.testng.SuiteRunner.run(SuiteRunner.java:336)
at org.testng.SuiteRunnerWorker.runSuite(SuiteRunnerWorker.java:52)
at org.testng.SuiteRunnerWorker.run(SuiteRunnerWorker.java:95)
at org.testng.TestNG.runSuitesSequentially(TestNG.java:1301)
at org.testng.TestNG.runSuitesLocally(TestNG.java:1228)
at org.testng.TestNG.runSuites(TestNG.java:1134)
at org.testng.TestNG.run(TestNG.java:1101)
at org.testng.remote.AbstractRemoteTestNG.run(AbstractRemoteTestNG.java:115)
at org.testng.remote.RemoteTestNG.initAndRun(RemoteTestNG.java:251)
at org.testng.remote.RemoteTestNG.main(RemoteTestNG.java:77)
]]>
    </failure>
  </testcase> <!-- @BeforeTest setUpDriver -->
  <testcase classname="baseTest.BaseTest" name="@AfterTest tearDown" time="0.0">
    <skipped/>
  </testcase> <!-- @AfterTest tearDown -->
  <testcase classname="testCases.TestSenario_3" name="freeListing_Button" time="0.0">
    <skipped/>
  </testcase> <!-- freeListing_Button -->
  <testcase classname="testCases.TestSenario_3" name="freeListing_Button_Click" time="0.0">
    <skipped/>
  </testcase> <!-- freeListing_Button_Click -->
  <testcase classname="testCases.TestSenario_3" name="freeListing_Mobile_TextField_invalid" time="0.0">
    <skipped/>
  </testcase> <!-- freeListing_Mobile_TextField_invalid -->
  <testcase classname="testCases.TestSenario_3" name="freeListing_Mobile_TextField_valid" time="0.0">
    <skipped/>
  </testcase> <!-- freeListing_Mobile_TextField_valid -->
</testsuite> <!-- Default test -->
