<?xml version="1.0" encoding="UTF-8"?>
<!-- Generated by org.testng.reporters.JUnitXMLReporter -->
<testsuite ignored="6" hostname="LTIN515409" failures="3" tests="31" name="firefoxtest" time="69.683" errors="0" timestamp="2025-07-17T10:11:58 IST">
  <testcase classname="testCases.TestSenario_1" name="verify_justdial_website_access" time="4.613"/>
  <testcase classname="testCases.TestSenario_1" name="verify_login_page_navigation" time="0.312"/>
  <testcase classname="testCases.TestSenario_1" name="verify_homepage_elements_visibility" time="0.108"/>
  <testcase classname="testCases.TestSenario_2" name="search_car_washing_service_page_displayed" time="2.372"/>
  <testcase classname="testCases.TestSenario_2" name="verify_results_by_location" time="0.349"/>
  <testcase classname="testCases.TestSenario_2" name="verify_search_result_details" time="0.058"/>
  <testcase classname="testCases.TestSenario_2" name="verify_rating_filter_applied" time="5.891"/>
  <testcase classname="testCases.TestSenario_2" name="verify_best_deal_filter" time="0.102"/>
  <testcase classname="testCases.TestSenario_3" name="freeListing_Button" time="1.281"/>
  <testcase classname="testCases.TestSenario_3" name="freeListing_Button_Click" time="2.102"/>
  <testcase classname="testCases.TestSenario_3" name="freeListing_Mobile_TextField_invalid" time="0.585"/>
  <testcase classname="testCases.TestSenario_3" name="freeListing_Mobile_TextField_valid" time="3.188"/>
  <testcase classname="testCases.TestSenario_4" name="test_gym_option_navigation_and_display" time="1.509"/>
  <testcase classname="testCases.TestSenario_4" name="test_sort_by_relevance" time="10.353">
    <failure type="org.openqa.selenium.NoSuchElementException" message="no such element: Unable to locate element: {&amp;quot;method&amp;quot;:&amp;quot;xpath&amp;quot;,&amp;quot;selector&amp;quot;:&amp;quot;//*[text()=&amp;apos;Relevance&amp;apos;]&amp;quot;}
  (Session info: MicrosoftEdge=138.0.3351.65)
For documentation on this error, please visit: https://www.selenium.dev/documentation/webdriver/troubleshooting/errors#no-such-element-exception
Build info: version: &amp;apos;4.15.0&amp;apos;, revision: &amp;apos;1d14b5521b&amp;apos;
System info: os.name: &amp;apos;Windows 11&amp;apos;, os.arch: &amp;apos;amd64&amp;apos;, os.version: &amp;apos;10.0&amp;apos;, java.version: &amp;apos;21.0.6&amp;apos;
Driver info: org.openqa.selenium.remote.RemoteWebDriver
Command: [3fb8600638718760c87352a60ce5e218, findElement {using=xpath, value=//*[text()=&amp;apos;Relevance&amp;apos;]}]
Capabilities {acceptInsecureCerts: false, browserName: MicrosoftEdge, browserVersion: 138.0.3351.65, fedcm:accounts: true, ms:edgeOptions: {debuggerAddress: localhost:60268}, msedge: {msedgedriverVersion: 138.0.3351.65 (81e3782c3ab4..., userDataDir: C:\Users\2407425\AppData\Lo...}, networkConnectionEnabled: false, pageLoadStrategy: normal, platformName: Windows 11, proxy: Proxy(), se:bidiEnabled: false, se:cdp: ws://10.230.29.239:4444/ses..., se:cdpVersion: 138.0.3351.65, setWindowRect: true, strictFileInteractability: false, timeouts: {implicit: 0, pageLoad: 300000, script: 30000}, unhandledPromptBehavior: dismiss and notify, webauthn:extension:credBlob: true, webauthn:extension:largeBlob: true, webauthn:extension:minPinLength: true, webauthn:extension:prf: true, webauthn:virtualAuthenticators: true}
Session ID: 3fb8600638718760c87352a60ce5e218">
      <![CDATA[org.openqa.selenium.NoSuchElementException: no such element: Unable to locate element: {"method":"xpath","selector":"//*[text()='Relevance']"}
  (Session info: MicrosoftEdge=138.0.3351.65)
For documentation on this error, please visit: https://www.selenium.dev/documentation/webdriver/troubleshooting/errors#no-such-element-exception
Build info: version: '4.15.0', revision: '1d14b5521b'
System info: os.name: 'Windows 11', os.arch: 'amd64', os.version: '10.0', java.version: '21.0.6'
Driver info: org.openqa.selenium.remote.RemoteWebDriver
Command: [3fb8600638718760c87352a60ce5e218, findElement {using=xpath, value=//*[text()='Relevance']}]
Capabilities {acceptInsecureCerts: false, browserName: MicrosoftEdge, browserVersion: 138.0.3351.65, fedcm:accounts: true, ms:edgeOptions: {debuggerAddress: localhost:60268}, msedge: {msedgedriverVersion: 138.0.3351.65 (81e3782c3ab4..., userDataDir: C:\Users\2407425\AppData\Lo...}, networkConnectionEnabled: false, pageLoadStrategy: normal, platformName: Windows 11, proxy: Proxy(), se:bidiEnabled: false, se:cdp: ws://10.230.29.239:4444/ses..., se:cdpVersion: 138.0.3351.65, setWindowRect: true, strictFileInteractability: false, timeouts: {implicit: 0, pageLoad: 300000, script: 30000}, unhandledPromptBehavior: dismiss and notify, webauthn:extension:credBlob: true, webauthn:extension:largeBlob: true, webauthn:extension:minPinLength: true, webauthn:extension:prf: true, webauthn:virtualAuthenticators: true}
Session ID: 3fb8600638718760c87352a60ce5e218
at org.openqa.selenium.remote.codec.w3c.W3CHttpResponseCodec.createException(W3CHttpResponseCodec.java:200)
at org.openqa.selenium.remote.codec.w3c.W3CHttpResponseCodec.decode(W3CHttpResponseCodec.java:133)
at org.openqa.selenium.remote.codec.w3c.W3CHttpResponseCodec.decode(W3CHttpResponseCodec.java:52)
at org.openqa.selenium.remote.HttpCommandExecutor.execute(HttpCommandExecutor.java:191)
at org.openqa.selenium.remote.TracedCommandExecutor.execute(TracedCommandExecutor.java:51)
at org.openqa.selenium.remote.RemoteWebDriver.execute(RemoteWebDriver.java:607)
at org.openqa.selenium.remote.ElementLocation$ElementFinder$2.findElement(ElementLocation.java:165)
at org.openqa.selenium.remote.ElementLocation.findElement(ElementLocation.java:59)
at org.openqa.selenium.remote.RemoteWebDriver.findElement(RemoteWebDriver.java:364)
at org.openqa.selenium.remote.RemoteWebDriver.findElement(RemoteWebDriver.java:358)
at org.openqa.selenium.support.pagefactory.DefaultElementLocator.findElement(DefaultElementLocator.java:68)
at org.openqa.selenium.support.pagefactory.internal.LocatingElementHandler.invoke(LocatingElementHandler.java:38)
at jdk.proxy2/jdk.proxy2.$Proxy16.click(Unknown Source)
at testCases.TestSenario_4.test_sort_by_relevance(TestSenario_4.java:59)
at java.base/java.util.ArrayList.forEach(ArrayList.java:1596)
... Removed 28 stack frames]]>
    </failure>
  </testcase> <!-- test_sort_by_relevance -->
  <testcase classname="testCases.TestSenario_4" name="test_sort_by_rating" time="10.059">
    <failure type="org.openqa.selenium.NoSuchElementException" message="no such element: Unable to locate element: {&amp;quot;method&amp;quot;:&amp;quot;xpath&amp;quot;,&amp;quot;selector&amp;quot;:&amp;quot;//*[text()=&amp;apos;Relevance&amp;apos;]&amp;quot;}
  (Session info: MicrosoftEdge=138.0.3351.65)
For documentation on this error, please visit: https://www.selenium.dev/documentation/webdriver/troubleshooting/errors#no-such-element-exception
Build info: version: &amp;apos;4.15.0&amp;apos;, revision: &amp;apos;1d14b5521b&amp;apos;
System info: os.name: &amp;apos;Windows 11&amp;apos;, os.arch: &amp;apos;amd64&amp;apos;, os.version: &amp;apos;10.0&amp;apos;, java.version: &amp;apos;21.0.6&amp;apos;
Driver info: org.openqa.selenium.remote.RemoteWebDriver
Command: [3fb8600638718760c87352a60ce5e218, findElement {using=xpath, value=//*[text()=&amp;apos;Relevance&amp;apos;]}]
Capabilities {acceptInsecureCerts: false, browserName: MicrosoftEdge, browserVersion: 138.0.3351.65, fedcm:accounts: true, ms:edgeOptions: {debuggerAddress: localhost:60268}, msedge: {msedgedriverVersion: 138.0.3351.65 (81e3782c3ab4..., userDataDir: C:\Users\2407425\AppData\Lo...}, networkConnectionEnabled: false, pageLoadStrategy: normal, platformName: Windows 11, proxy: Proxy(), se:bidiEnabled: false, se:cdp: ws://10.230.29.239:4444/ses..., se:cdpVersion: 138.0.3351.65, setWindowRect: true, strictFileInteractability: false, timeouts: {implicit: 0, pageLoad: 300000, script: 30000}, unhandledPromptBehavior: dismiss and notify, webauthn:extension:credBlob: true, webauthn:extension:largeBlob: true, webauthn:extension:minPinLength: true, webauthn:extension:prf: true, webauthn:virtualAuthenticators: true}
Session ID: 3fb8600638718760c87352a60ce5e218">
      <![CDATA[org.openqa.selenium.NoSuchElementException: no such element: Unable to locate element: {"method":"xpath","selector":"//*[text()='Relevance']"}
  (Session info: MicrosoftEdge=138.0.3351.65)
For documentation on this error, please visit: https://www.selenium.dev/documentation/webdriver/troubleshooting/errors#no-such-element-exception
Build info: version: '4.15.0', revision: '1d14b5521b'
System info: os.name: 'Windows 11', os.arch: 'amd64', os.version: '10.0', java.version: '21.0.6'
Driver info: org.openqa.selenium.remote.RemoteWebDriver
Command: [3fb8600638718760c87352a60ce5e218, findElement {using=xpath, value=//*[text()='Relevance']}]
Capabilities {acceptInsecureCerts: false, browserName: MicrosoftEdge, browserVersion: 138.0.3351.65, fedcm:accounts: true, ms:edgeOptions: {debuggerAddress: localhost:60268}, msedge: {msedgedriverVersion: 138.0.3351.65 (81e3782c3ab4..., userDataDir: C:\Users\2407425\AppData\Lo...}, networkConnectionEnabled: false, pageLoadStrategy: normal, platformName: Windows 11, proxy: Proxy(), se:bidiEnabled: false, se:cdp: ws://10.230.29.239:4444/ses..., se:cdpVersion: 138.0.3351.65, setWindowRect: true, strictFileInteractability: false, timeouts: {implicit: 0, pageLoad: 300000, script: 30000}, unhandledPromptBehavior: dismiss and notify, webauthn:extension:credBlob: true, webauthn:extension:largeBlob: true, webauthn:extension:minPinLength: true, webauthn:extension:prf: true, webauthn:virtualAuthenticators: true}
Session ID: 3fb8600638718760c87352a60ce5e218
at org.openqa.selenium.remote.codec.w3c.W3CHttpResponseCodec.createException(W3CHttpResponseCodec.java:200)
at org.openqa.selenium.remote.codec.w3c.W3CHttpResponseCodec.decode(W3CHttpResponseCodec.java:133)
at org.openqa.selenium.remote.codec.w3c.W3CHttpResponseCodec.decode(W3CHttpResponseCodec.java:52)
at org.openqa.selenium.remote.HttpCommandExecutor.execute(HttpCommandExecutor.java:191)
at org.openqa.selenium.remote.TracedCommandExecutor.execute(TracedCommandExecutor.java:51)
at org.openqa.selenium.remote.RemoteWebDriver.execute(RemoteWebDriver.java:607)
at org.openqa.selenium.remote.ElementLocation$ElementFinder$2.findElement(ElementLocation.java:165)
at org.openqa.selenium.remote.ElementLocation.findElement(ElementLocation.java:59)
at org.openqa.selenium.remote.RemoteWebDriver.findElement(RemoteWebDriver.java:364)
at org.openqa.selenium.remote.RemoteWebDriver.findElement(RemoteWebDriver.java:358)
at org.openqa.selenium.support.pagefactory.DefaultElementLocator.findElement(DefaultElementLocator.java:68)
at org.openqa.selenium.support.pagefactory.internal.LocatingElementHandler.invoke(LocatingElementHandler.java:38)
at jdk.proxy2/jdk.proxy2.$Proxy16.click(Unknown Source)
at testCases.TestSenario_4.test_sort_by_rating(TestSenario_4.java:74)
at java.base/java.util.ArrayList.forEach(ArrayList.java:1596)
... Removed 28 stack frames]]>
    </failure>
  </testcase> <!-- test_sort_by_rating -->
  <testcase classname="testCases.TestSenario_4" name="test_filter_by_sunday_open" time="0.952"/>
  <testcase classname="testCases.TestSenario_4" name="test_filter_by_locker_facility" time="0.803"/>
  <testcase classname="testCases.TestSenario_4" name="test_clear_filters_removes_amenities" time="0.167"/>
  <testcase classname="testCases.TestSenario_4" name="test_filter_by_open_now" time="0.454"/>
  <testcase classname="testCases.TestSenario_4" name="test_filter_by_top_rated" time="0.242"/>
  <testcase classname="testCases.TestSenario_4" name="test_filter_by_quick_response" time="0.724"/>
  <testcase classname="testCases.TestSenario_4" name="test_filter_by_jd_verified" time="0.707"/>
  <testcase classname="testCases.TestSenario_4" name="test_filter_by_ratings_3_5_plus" time="0.692"/>
  <testcase classname="testCases.TestSenario_4" name="test_filter_by_ratings_4_0_plus" time="0.913"/>
  <testcase classname="testCases.TestSenario_4" name="test_filter_by_ratings_4_5_plus" time="1.001"/>
  <testcase classname="testCases.TestSenario_4" name="test_clear_rating_filter_removes_applied" time="0.18"/>
  <testcase classname="testCases.TestSenario_4" name="test_filter_by_deals" time="1.339"/>
  <testcase classname="testCases.TestSenario_4" name="test_filter_by_jd_trust" time="1.575">
    <failure type="org.openqa.selenium.ElementClickInterceptedException" message="element click intercepted: Element &amp;lt;button aria-labelledby=&amp;quot;submenuId_0.4059361051768339_button submenuId_0.4059361051768339_span&amp;quot; id=&amp;quot;submenuId_0.4059361051768339_button&amp;quot; role=&amp;quot;button&amp;quot; tabindex=&amp;quot;0&amp;quot; class=&amp;quot;jsx-2394d511e76092fb resfilter_item gray_whitefill_animat &amp;quot;&amp;gt;...&amp;lt;/button&amp;gt; is not clickable at point (1130, 300). Other element would receive the click: &amp;lt;button class=&amp;quot;jsx-679474515 resfilter_item gray_whitefill_animat font15 color111 fw500 all_filter_container&amp;quot;&amp;gt;...&amp;lt;/button&amp;gt;
  (Session info: MicrosoftEdge=138.0.3351.65)
Build info: version: &amp;apos;4.15.0&amp;apos;, revision: &amp;apos;1d14b5521b&amp;apos;
System info: os.name: &amp;apos;Windows 11&amp;apos;, os.arch: &amp;apos;amd64&amp;apos;, os.version: &amp;apos;10.0&amp;apos;, java.version: &amp;apos;21.0.6&amp;apos;
Driver info: org.openqa.selenium.remote.RemoteWebDriver
Command: [3fb8600638718760c87352a60ce5e218, clickElement {id=f.3AD5F4F29A1B5F25F8DE732B6FC5C7FA.d.0B0F1B6F30A4B36BEACD5B363226EEE2.e.1312}]
Capabilities {acceptInsecureCerts: false, browserName: MicrosoftEdge, browserVersion: 138.0.3351.65, fedcm:accounts: true, ms:edgeOptions: {debuggerAddress: localhost:60268}, msedge: {msedgedriverVersion: 138.0.3351.65 (81e3782c3ab4..., userDataDir: C:\Users\2407425\AppData\Lo...}, networkConnectionEnabled: false, pageLoadStrategy: normal, platformName: Windows 11, proxy: Proxy(), se:bidiEnabled: false, se:cdp: ws://10.230.29.239:4444/ses..., se:cdpVersion: 138.0.3351.65, setWindowRect: true, strictFileInteractability: false, timeouts: {implicit: 0, pageLoad: 300000, script: 30000}, unhandledPromptBehavior: dismiss and notify, webauthn:extension:credBlob: true, webauthn:extension:largeBlob: true, webauthn:extension:minPinLength: true, webauthn:extension:prf: true, webauthn:virtualAuthenticators: true}
Element: [[RemoteWebDriver: MicrosoftEdge on Windows 11 (3fb8600638718760c87352a60ce5e218)] -&amp;gt; xpath: //button[.//span[text()=&amp;apos;Jd Trust&amp;apos;]]]
Session ID: 3fb8600638718760c87352a60ce5e218">
      <![CDATA[org.openqa.selenium.ElementClickInterceptedException: element click intercepted: Element <button aria-labelledby="submenuId_0.4059361051768339_button submenuId_0.4059361051768339_span" id="submenuId_0.4059361051768339_button" role="button" tabindex="0" class="jsx-2394d511e76092fb resfilter_item gray_whitefill_animat ">...</button> is not clickable at point (1130, 300). Other element would receive the click: <button class="jsx-679474515 resfilter_item gray_whitefill_animat font15 color111 fw500 all_filter_container">...</button>
  (Session info: MicrosoftEdge=138.0.3351.65)
Build info: version: '4.15.0', revision: '1d14b5521b'
System info: os.name: 'Windows 11', os.arch: 'amd64', os.version: '10.0', java.version: '21.0.6'
Driver info: org.openqa.selenium.remote.RemoteWebDriver
Command: [3fb8600638718760c87352a60ce5e218, clickElement {id=f.3AD5F4F29A1B5F25F8DE732B6FC5C7FA.d.0B0F1B6F30A4B36BEACD5B363226EEE2.e.1312}]
Capabilities {acceptInsecureCerts: false, browserName: MicrosoftEdge, browserVersion: 138.0.3351.65, fedcm:accounts: true, ms:edgeOptions: {debuggerAddress: localhost:60268}, msedge: {msedgedriverVersion: 138.0.3351.65 (81e3782c3ab4..., userDataDir: C:\Users\2407425\AppData\Lo...}, networkConnectionEnabled: false, pageLoadStrategy: normal, platformName: Windows 11, proxy: Proxy(), se:bidiEnabled: false, se:cdp: ws://10.230.29.239:4444/ses..., se:cdpVersion: 138.0.3351.65, setWindowRect: true, strictFileInteractability: false, timeouts: {implicit: 0, pageLoad: 300000, script: 30000}, unhandledPromptBehavior: dismiss and notify, webauthn:extension:credBlob: true, webauthn:extension:largeBlob: true, webauthn:extension:minPinLength: true, webauthn:extension:prf: true, webauthn:virtualAuthenticators: true}
Element: [[RemoteWebDriver: MicrosoftEdge on Windows 11 (3fb8600638718760c87352a60ce5e218)] -> xpath: //button[.//span[text()='Jd Trust']]]
Session ID: 3fb8600638718760c87352a60ce5e218
at org.openqa.selenium.remote.codec.w3c.W3CHttpResponseCodec.createException(W3CHttpResponseCodec.java:200)
at org.openqa.selenium.remote.codec.w3c.W3CHttpResponseCodec.decode(W3CHttpResponseCodec.java:133)
at org.openqa.selenium.remote.codec.w3c.W3CHttpResponseCodec.decode(W3CHttpResponseCodec.java:52)
at org.openqa.selenium.remote.HttpCommandExecutor.execute(HttpCommandExecutor.java:191)
at org.openqa.selenium.remote.TracedCommandExecutor.execute(TracedCommandExecutor.java:51)
at org.openqa.selenium.remote.RemoteWebDriver.execute(RemoteWebDriver.java:607)
at org.openqa.selenium.remote.RemoteWebElement.execute(RemoteWebElement.java:224)
at org.openqa.selenium.remote.RemoteWebElement.click(RemoteWebElement.java:77)
at org.openqa.selenium.support.pagefactory.internal.LocatingElementHandler.invoke(LocatingElementHandler.java:51)
at jdk.proxy2/jdk.proxy2.$Proxy16.click(Unknown Source)
at testCases.TestSenario_4.test_filter_by_jd_trust(TestSenario_4.java:225)
at java.base/java.util.ArrayList.forEach(ArrayList.java:1596)
... Removed 30 stack frames]]>
    </failure>
  </testcase> <!-- test_filter_by_jd_trust -->
  <testcase classname="testCases.TestSenario_4" name="clearAllFilters" time="0.589"/>
  <testcase classname="testCases.TestSenario_4" name="test_no_filters_show_all_listings" time="2.685"/>
  <testcase classname="testCases.TestSenario_4" name="getGymSubMenuList" time="0.534"/>
  <testcase classname="baseTest.BaseTest" name="@AfterTest tearDown" time="0.0">
    <ignored/>
  </testcase> <!-- @AfterTest tearDown -->
  <testcase classname="baseTest.BaseTest" name="@AfterTest tearDown" time="0.0">
    <ignored/>
  </testcase> <!-- @AfterTest tearDown -->
  <testcase classname="baseTest.BaseTest" name="@BeforeTest setUpDriver" time="0.0">
    <ignored/>
  </testcase> <!-- @BeforeTest setUpDriver -->
  <testcase classname="baseTest.BaseTest" name="@BeforeTest setUpDriver" time="0.0">
    <ignored/>
  </testcase> <!-- @BeforeTest setUpDriver -->
  <testcase classname="baseTest.BaseTest" name="@AfterTest tearDown" time="0.0">
    <ignored/>
  </testcase> <!-- @AfterTest tearDown -->
  <testcase classname="baseTest.BaseTest" name="@BeforeTest setUpDriver" time="0.0">
    <ignored/>
  </testcase> <!-- @BeforeTest setUpDriver -->
</testsuite> <!-- firefoxtest -->
